<?xml version="1.0" encoding="UTF-8"?>
<!-- Generated by org.testng.reporters.JUnitReportReporter -->
<testsuite hostname="AELNB007" failures="0" tests="3" name="MPTech.SeleniumFrameworkDesign.BaseCodeOriginalmod" time="38.515" errors="0" timestamp="2025-01-29T21:47:36 IST" skipped="0">
  <testcase classname="MPTech.SeleniumFrameworkDesign.BaseCodeOriginalmod" name="placeorder" time="8.889"/>
  <testcase classname="MPTech.SeleniumFrameworkDesign.BaseCodeOriginalmod" name="checkorderpage" time="11.136"/>
  <testcase classname="MPTech.SeleniumFrameworkDesign.BaseCodeOriginalmod" name="placeorder" time="18.490"/>
</testsuite> <!-- MPTech.SeleniumFrameworkDesign.BaseCodeOriginalmod -->
