<?xml version="1.0" encoding="UTF-8"?>
<!-- Generated by org.testng.reporters.JUnitReportReporter -->
<testsuite hostname="AELNB007" failures="0" tests="3" name="MPTech.SeleniumFrameworkDesign.BaseCodeOriginalmod" time="35.676" errors="0" timestamp="2025-01-31T15:36:07 IST" skipped="0">
  <testcase classname="MPTech.SeleniumFrameworkDesign.BaseCodeOriginalmod" name="placeorder" time="23.014"/>
  <testcase classname="MPTech.SeleniumFrameworkDesign.BaseCodeOriginalmod" name="checkorderpage" time="4.442"/>
  <testcase classname="MPTech.SeleniumFrameworkDesign.BaseCodeOriginalmod" name="placeorder" time="8.220"/>
</testsuite> <!-- MPTech.SeleniumFrameworkDesign.BaseCodeOriginalmod -->
