<?xml version="1.0" encoding="UTF-8"?>
<!-- Generated by org.testng.reporters.JUnitReportReporter -->
<testsuite hostname="AELNB007" failures="0" tests="2" name="MPTech.SeleniumFrameworkDesign.ErrorValidation" time="24.970" errors="0" timestamp="2025-01-31T15:36:07 IST" skipped="0">
  <testcase classname="MPTech.SeleniumFrameworkDesign.ErrorValidation" name="producterrorvalidation" time="20.013"/>
  <testcase classname="MPTech.SeleniumFrameworkDesign.ErrorValidation" name="loginerrorvalidation" time="4.957"/>
</testsuite> <!-- MPTech.SeleniumFrameworkDesign.ErrorValidation -->
